<?xml version="1.0" encoding="UTF-8"?>
<!-- Generated by org.testng.reporters.JUnitReportReporter -->
<testsuite hostname="SMsHP" failures="0" tests="3" name="com.Automation.demoProject.TestClass1" time="12.309" errors="0" timestamp="17 Oct 2023 11:40:57 GMT" skipped="0">
  <testcase classname="com.Automation.demoProject.TestClass1" name="Test3" time="3.805"/>
  <testcase classname="com.Automation.demoProject.TestClass1" name="Test2" time="4.345"/>
  <testcase classname="com.Automation.demoProject.TestClass1" name="Test1" time="4.159"/>
</testsuite> <!-- com.Automation.demoProject.TestClass1 -->
