<?xml version="1.0" encoding="UTF-8"?>
<!-- Generated by org.testng.reporters.JUnitReportReporter -->
<testsuite hostname="SMsHP" failures="0" tests="3" name="com.Automation.demoProject.TestClass1" time="10.784" errors="0" timestamp="17 Oct 2023 11:27:26 GMT" skipped="0">
  <testcase classname="com.Automation.demoProject.TestClass1" name="Test1" time="3.417"/>
  <testcase classname="com.Automation.demoProject.TestClass1" name="Test2" time="3.314"/>
  <testcase classname="com.Automation.demoProject.TestClass1" name="Test3" time="4.053"/>
</testsuite> <!-- com.Automation.demoProject.TestClass1 -->
